# JRE version: OpenJDK Runtime Environment (17.0.11) (build 17.0.11+0--11852314)
# Java VM: OpenJDK 64-Bit Server VM (17.0.11+0--11852314, mixed mode, tiered, compressed oops, compressed class ptrs, g1 gc, windows-amd64)
GC Precious Log:
 CPUs: 4 total, 4 available
 Memory: 11982M
 Large Page Support: Disabled
 NUMA Support: Disabled
 Compressed Oops: Enabled (32-bit)
 Heap Region Size: 1M
 Heap Min Capacity: 8M
 Heap Initial Capacity: 188M
 Heap Max Capacity: 2G
 Pre-touch: Disabled
 Parallel Workers: 4
 Concurrent Workers: 1
 Concurrent Refinement Workers: 4
 Periodic GC: Disabled
Heap:
 garbage-first heap   total 245760K, used 153840K [0x0000000080000000, 0x0000000100000000)
  region size 1024K, 20 young (20480K), 6 survivors (6144K)
 Metaspace       used 148827K, committed 149952K, reserved 1179648K
  class space    used 20427K, committed 20992K, reserved 1048576K
GC Heap History (20 events):
Event: 57.476 GC heap before
{Heap before GC invocations=55 (full 0):
 garbage-first heap   total 204800K, used 169123K [0x0000000080000000, 0x0000000100000000)
  region size 1024K, 49 young (50176K), 4 survivors (4096K)
 Metaspace       used 122548K, committed 123648K, reserved 1179648K
  class space    used 16812K, committed 17344K, reserved 1048576K
}
Event: 57.482 GC heap after
{Heap after GC invocations=56 (full 0):
 garbage-first heap   total 204800K, used 126238K [0x0000000080000000, 0x0000000100000000)
  region size 1024K, 5 young (5120K), 5 survivors (5120K)
 Metaspace       used 122548K, committed 123648K, reserved 1179648K
  class space    used 16812K, committed 17344K, reserved 1048576K
}
Event: 57.947 GC heap before
{Heap before GC invocations=56 (full 0):
 garbage-first heap   total 204800K, used 169246K [0x0000000080000000, 0x0000000100000000)
  region size 1024K, 48 young (49152K), 5 survivors (5120K)
 Metaspace       used 122970K, committed 124032K, reserved 1179648K
  class space    used 16864K, committed 17408K, reserved 1048576K
}
Event: 57.958 GC heap after
{Heap after GC invocations=57 (full 0):
 garbage-first heap   total 204800K, used 131971K [0x0000000080000000, 0x0000000100000000)
  region size 1024K, 6 young (6144K), 6 survivors (6144K)
 Metaspace       used 122970K, committed 124032K, reserved 1179648K
  class space    used 16864K, committed 17408K, reserved 1048576K
}
Event: 58.740 GC heap before
{Heap before GC invocations=57 (full 0):
 garbage-first heap   total 204800K, used 168835K [0x0000000080000000, 0x0000000100000000)
  region size 1024K, 43 young (44032K), 6 survivors (6144K)
 Metaspace       used 126123K, committed 127168K, reserved 1179648K
  class space    used 17318K, committed 17856K, reserved 1048576K
}
Event: 58.749 GC heap after
{Heap after GC invocations=58 (full 0):
 garbage-first heap   total 245760K, used 134981K [0x0000000080000000, 0x0000000100000000)
  region size 1024K, 3 young (3072K), 3 survivors (3072K)
 Metaspace       used 126123K, committed 127168K, reserved 1179648K
  class space    used 17318K, committed 17856K, reserved 1048576K
}
Event: 59.506 GC heap before
{Heap before GC invocations=58 (full 0):
 garbage-first heap   total 245760K, used 197445K [0x0000000080000000, 0x0000000100000000)
  region size 1024K, 65 young (66560K), 3 survivors (3072K)
 Metaspace       used 133827K, committed 134912K, reserved 1179648K
  class space    used 18512K, committed 19008K, reserved 1048576K
}
Event: 59.511 GC heap after
{Heap after GC invocations=59 (full 0):
 garbage-first heap   total 245760K, used 137002K [0x0000000080000000, 0x0000000100000000)
  region size 1024K, 5 young (5120K), 5 survivors (5120K)
 Metaspace       used 133827K, committed 134912K, reserved 1179648K
  class space    used 18512K, committed 19008K, reserved 1048576K
}
Event: 60.184 GC heap before
{Heap before GC invocations=59 (full 0):
 garbage-first heap   total 245760K, used 202538K [0x0000000080000000, 0x0000000100000000)
  region size 1024K, 69 young (70656K), 5 survivors (5120K)
 Metaspace       used 137195K, committed 138240K, reserved 1179648K
  class space    used 18970K, committed 19456K, reserved 1048576K
}
Event: 60.191 GC heap after
{Heap after GC invocations=60 (full 0):
 garbage-first heap   total 245760K, used 137216K [0x0000000080000000, 0x0000000100000000)
  region size 1024K, 5 young (5120K), 5 survivors (5120K)
 Metaspace       used 137195K, committed 138240K, reserved 1179648K
  class space    used 18970K, committed 19456K, reserved 1048576K
}
Event: 62.141 GC heap before
{Heap before GC invocations=60 (full 0):
 garbage-first heap   total 245760K, used 204800K [0x0000000080000000, 0x0000000100000000)
  region size 1024K, 72 young (73728K), 5 survivors (5120K)
 Metaspace       used 141206K, committed 142272K, reserved 1179648K
  class space    used 19595K, committed 20096K, reserved 1048576K
}
Event: 62.146 GC heap after
{Heap after GC invocations=61 (full 0):
 garbage-first heap   total 245760K, used 136559K [0x0000000080000000, 0x0000000100000000)
  region size 1024K, 3 young (3072K), 3 survivors (3072K)
 Metaspace       used 141206K, committed 142272K, reserved 1179648K
  class space    used 19595K, committed 20096K, reserved 1048576K
}
Event: 62.966 GC heap before
{Heap before GC invocations=61 (full 0):
 garbage-first heap   total 245760K, used 181615K [0x0000000080000000, 0x0000000100000000)
  region size 1024K, 30 young (30720K), 3 survivors (3072K)
 Metaspace       used 143038K, committed 144192K, reserved 1179648K
  class space    used 19845K, committed 20416K, reserved 1048576K
}
Event: 62.973 GC heap after
{Heap after GC invocations=62 (full 0):
 garbage-first heap   total 245760K, used 149551K [0x0000000080000000, 0x0000000100000000)
  region size 1024K, 6 young (6144K), 6 survivors (6144K)
 Metaspace       used 143038K, committed 144192K, reserved 1179648K
  class space    used 19845K, committed 20416K, reserved 1048576K
}
Event: 63.128 GC heap before
{Heap before GC invocations=62 (full 0):
 garbage-first heap   total 245760K, used 167983K [0x0000000080000000, 0x0000000100000000)
  region size 1024K, 7 young (7168K), 6 survivors (6144K)
 Metaspace       used 143038K, committed 144192K, reserved 1179648K
  class space    used 19845K, committed 20416K, reserved 1048576K
}
Event: 63.134 GC heap after
{Heap after GC invocations=63 (full 0):
 garbage-first heap   total 245760K, used 149782K [0x0000000080000000, 0x0000000100000000)
  region size 1024K, 5 young (5120K), 5 survivors (5120K)
 Metaspace       used 143038K, committed 144192K, reserved 1179648K
  class space    used 19845K, committed 20416K, reserved 1048576K
}
Event: 63.313 GC heap before
{Heap before GC invocations=63 (full 0):
 garbage-first heap   total 245760K, used 166166K [0x0000000080000000, 0x0000000100000000)
  region size 1024K, 6 young (6144K), 5 survivors (5120K)
 Metaspace       used 143038K, committed 144192K, reserved 1179648K
  class space    used 19845K, committed 20416K, reserved 1048576K
}
Event: 63.319 GC heap after
{Heap after GC invocations=64 (full 0):
 garbage-first heap   total 245760K, used 149550K [0x0000000080000000, 0x0000000100000000)
  region size 1024K, 5 young (5120K), 5 survivors (5120K)
 Metaspace       used 143038K, committed 144192K, reserved 1179648K
  class space    used 19845K, committed 20416K, reserved 1048576K
}
Event: 541.110 GC heap before
{Heap before GC invocations=64 (full 0):
 garbage-first heap   total 245760K, used 218158K [0x0000000080000000, 0x0000000100000000)
  region size 1024K, 66 young (67584K), 5 survivors (5120K)
 Metaspace       used 148752K, committed 149824K, reserved 1179648K
  class space    used 20422K, committed 20928K, reserved 1048576K
}
Event: 541.117 GC heap after
{Heap after GC invocations=65 (full 0):
 garbage-first heap   total 245760K, used 140528K [0x0000000080000000, 0x0000000100000000)
  region size 1024K, 6 young (6144K), 6 survivors (6144K)
 Metaspace       used 148752K, committed 149824K, reserved 1179648K
  class space    used 20422K, committed 20928K, reserved 1048576K
}

