# JRE version: OpenJDK Runtime Environment (17.0.11) (build 17.0.11+0--11852314)
# Java VM: OpenJDK 64-Bit Server VM (17.0.11+0--11852314, mixed mode, tiered, compressed oops, compressed class ptrs, g1 gc, windows-amd64)
GC Precious Log:
 CPUs: 4 total, 4 available
 Memory: 11982M
 Large Page Support: Disabled
 NUMA Support: Disabled
 Compressed Oops: Enabled (32-bit)
 Heap Region Size: 1M
 Heap Min Capacity: 8M
 Heap Initial Capacity: 188M
 Heap Max Capacity: 2G
 Pre-touch: Disabled
 Parallel Workers: 4
 Concurrent Workers: 1
 Concurrent Refinement Workers: 4
 Periodic GC: Disabled
Heap:
 garbage-first heap   total 388096K, used 163209K [0x0000000080000000, 0x0000000100000000)
  region size 1024K, 3 young (3072K), 3 survivors (3072K)
 Metaspace       used 148672K, committed 150144K, reserved 1179648K
  class space    used 19859K, committed 20608K, reserved 1048576K
GC Heap History (20 events):
Event: 1592.808 GC heap after
{Heap after GC invocations=68 (full 0):
 garbage-first heap   total 333824K, used 200982K [0x0000000080000000, 0x0000000100000000)
  region size 1024K, 13 young (13312K), 13 survivors (13312K)
 Metaspace       used 147741K, committed 149184K, reserved 1179648K
  class space    used 19838K, committed 20544K, reserved 1048576K
}
Event: 1594.916 GC heap before
{Heap before GC invocations=68 (full 0):
 garbage-first heap   total 333824K, used 298262K [0x0000000080000000, 0x0000000100000000)
  region size 1024K, 88 young (90112K), 13 survivors (13312K)
 Metaspace       used 147853K, committed 149312K, reserved 1179648K
  class space    used 19838K, committed 20544K, reserved 1048576K
}
Event: 1594.927 GC heap after
{Heap after GC invocations=69 (full 0):
 garbage-first heap   total 333824K, used 209001K [0x0000000080000000, 0x0000000100000000)
  region size 1024K, 2 young (2048K), 2 survivors (2048K)
 Metaspace       used 147853K, committed 149312K, reserved 1179648K
  class space    used 19838K, committed 20544K, reserved 1048576K
}
Event: 1594.935 GC heap before
{Heap before GC invocations=69 (full 0):
 garbage-first heap   total 333824K, used 227433K [0x0000000080000000, 0x0000000100000000)
  region size 1024K, 3 young (3072K), 2 survivors (2048K)
 Metaspace       used 147853K, committed 149312K, reserved 1179648K
  class space    used 19838K, committed 20544K, reserved 1048576K
}
Event: 1594.938 GC heap after
{Heap after GC invocations=70 (full 0):
 garbage-first heap   total 333824K, used 210191K [0x0000000080000000, 0x0000000100000000)
  region size 1024K, 2 young (2048K), 2 survivors (2048K)
 Metaspace       used 147853K, committed 149312K, reserved 1179648K
  class space    used 19838K, committed 20544K, reserved 1048576K
}
Event: 1594.942 GC heap before
{Heap before GC invocations=70 (full 0):
 garbage-first heap   total 333824K, used 212239K [0x0000000080000000, 0x0000000100000000)
  region size 1024K, 3 young (3072K), 2 survivors (2048K)
 Metaspace       used 147853K, committed 149312K, reserved 1179648K
  class space    used 19838K, committed 20544K, reserved 1048576K
}
Event: 1594.944 GC heap after
{Heap after GC invocations=71 (full 0):
 garbage-first heap   total 333824K, used 210099K [0x0000000080000000, 0x0000000100000000)
  region size 1024K, 2 young (2048K), 2 survivors (2048K)
 Metaspace       used 147853K, committed 149312K, reserved 1179648K
  class space    used 19838K, committed 20544K, reserved 1048576K
}
Event: 1642.127 GC heap before
{Heap before GC invocations=72 (full 0):
 garbage-first heap   total 388096K, used 297139K [0x0000000080000000, 0x0000000100000000)
  region size 1024K, 75 young (76800K), 2 survivors (2048K)
 Metaspace       used 148035K, committed 149440K, reserved 1179648K
  class space    used 19846K, committed 20544K, reserved 1048576K
}
Event: 1642.141 GC heap after
{Heap after GC invocations=73 (full 0):
 garbage-first heap   total 388096K, used 203635K [0x0000000080000000, 0x0000000100000000)
  region size 1024K, 8 young (8192K), 8 survivors (8192K)
 Metaspace       used 148035K, committed 149440K, reserved 1179648K
  class space    used 19846K, committed 20544K, reserved 1048576K
}
Event: 1642.293 GC heap before
{Heap before GC invocations=73 (full 0):
 garbage-first heap   total 388096K, used 213875K [0x0000000080000000, 0x0000000100000000)
  region size 1024K, 18 young (18432K), 8 survivors (8192K)
 Metaspace       used 148134K, committed 149696K, reserved 1179648K
  class space    used 19852K, committed 20608K, reserved 1048576K
}
Event: 1642.314 GC heap after
{Heap after GC invocations=74 (full 0):
 garbage-first heap   total 388096K, used 171686K [0x0000000080000000, 0x0000000100000000)
  region size 1024K, 2 young (2048K), 2 survivors (2048K)
 Metaspace       used 148134K, committed 149696K, reserved 1179648K
  class space    used 19852K, committed 20608K, reserved 1048576K
}
Event: 1642.426 GC heap before
{Heap before GC invocations=74 (full 0):
 garbage-first heap   total 388096K, used 188070K [0x0000000080000000, 0x0000000100000000)
  region size 1024K, 18 young (18432K), 2 survivors (2048K)
 Metaspace       used 148143K, committed 149696K, reserved 1179648K
  class space    used 19852K, committed 20608K, reserved 1048576K
}
Event: 1642.461 GC heap after
{Heap after GC invocations=75 (full 0):
 garbage-first heap   total 388096K, used 166827K [0x0000000080000000, 0x0000000100000000)
  region size 1024K, 3 young (3072K), 3 survivors (3072K)
 Metaspace       used 148143K, committed 149696K, reserved 1179648K
  class space    used 19852K, committed 20608K, reserved 1048576K
}
Event: 1645.690 GC heap before
{Heap before GC invocations=75 (full 0):
 garbage-first heap   total 388096K, used 274347K [0x0000000080000000, 0x0000000100000000)
  region size 1024K, 110 young (112640K), 3 survivors (3072K)
 Metaspace       used 148361K, committed 149888K, reserved 1179648K
  class space    used 19857K, committed 20608K, reserved 1048576K
}
Event: 1645.702 GC heap after
{Heap after GC invocations=76 (full 0):
 garbage-first heap   total 388096K, used 171358K [0x0000000080000000, 0x0000000100000000)
  region size 1024K, 8 young (8192K), 8 survivors (8192K)
 Metaspace       used 148361K, committed 149888K, reserved 1179648K
  class space    used 19857K, committed 20608K, reserved 1048576K
}
Event: 1689.234 GC heap before
{Heap before GC invocations=77 (full 0):
 garbage-first heap   total 388096K, used 356702K [0x0000000080000000, 0x0000000100000000)
  region size 1024K, 137 young (140288K), 8 survivors (8192K)
 Metaspace       used 148555K, committed 150080K, reserved 1179648K
  class space    used 19858K, committed 20608K, reserved 1048576K
}
Event: 1689.256 GC heap after
{Heap after GC invocations=78 (full 0):
 garbage-first heap   total 388096K, used 177767K [0x0000000080000000, 0x0000000100000000)
  region size 1024K, 18 young (18432K), 18 survivors (18432K)
 Metaspace       used 148555K, committed 150080K, reserved 1179648K
  class space    used 19858K, committed 20608K, reserved 1048576K
}
Event: 1689.260 GC heap before
{Heap before GC invocations=78 (full 0):
 garbage-first heap   total 388096K, used 177767K [0x0000000080000000, 0x0000000100000000)
  region size 1024K, 19 young (19456K), 18 survivors (18432K)
 Metaspace       used 148556K, committed 150080K, reserved 1179648K
  class space    used 19858K, committed 20608K, reserved 1048576K
}
Event: 1689.282 GC heap after
{Heap after GC invocations=79 (full 0):
 garbage-first heap   total 388096K, used 162816K [0x0000000080000000, 0x0000000100000000)
  region size 1024K, 2 young (2048K), 2 survivors (2048K)
 Metaspace       used 148556K, committed 150080K, reserved 1179648K
  class space    used 19858K, committed 20608K, reserved 1048576K
}
Event: 1692.279 GC heap before
{Heap before GC invocations=79 (full 0):
 garbage-first heap   total 388096K, used 237568K [0x0000000080000000, 0x0000000100000000)
  region size 1024K, 77 young (78848K), 2 survivors (2048K)
 Metaspace       used 148672K, committed 150144K, reserved 1179648K
  class space    used 19859K, committed 20608K, reserved 1048576K
}

